<?xml version="1.0" encoding="UTF-8"?>
<testng-results total="0" passed="0" failed="0" skipped="0">
  <reporter-output>
  </reporter-output>
  <suite started-at="2020-10-21T13:47:33Z" name="com.automationtest.base.Testbase" finished-at="2020-10-21T13:47:33Z" duration-ms="7">
    <groups>
    </groups>
    <test started-at="2020-10-21T13:47:33Z" name="Command line test caac02e4-a283-447d-93ad-7dd7ffe5abd2" finished-at="2020-10-21T13:47:33Z" duration-ms="7">
    </test> <!-- Command line test caac02e4-a283-447d-93ad-7dd7ffe5abd2 -->
  </suite> <!-- com.automationtest.base.Testbase -->
</testng-results>
